<?xml version="1.0" encoding="UTF-8"?>
<coverage generated="1613254751884" clover="3.2.0">
  <project timestamp="1613254751884" name="All files">
    <metrics statements="38" coveredstatements="35" conditionals="30" coveredconditionals="22" methods="3" coveredmethods="3" elements="71" coveredelements="60" complexity="0" loc="38" ncloc="38" packages="1" files="1" classes="1"/>
    <file name="index.ts" path="/Users/ahmed/spantree/nexus-validate-plugin/src/index.ts">
      <metrics statements="38" coveredstatements="35" conditionals="30" coveredconditionals="22" methods="3" coveredmethods="3"/>
      <line num="1" count="1" type="stmt"/>
      <line num="2" count="1" type="stmt"/>
      <line num="5" count="1" type="stmt"/>
      <line num="6" count="1" type="stmt"/>
      <line num="8" count="1" type="stmt"/>
      <line num="13" count="1" type="stmt"/>
      <line num="33" count="1" type="stmt"/>
      <line num="38" count="1" type="stmt"/>
      <line num="54" count="1" type="stmt"/>
      <line num="59" count="6" type="stmt"/>
      <line num="60" count="4" type="stmt"/>
      <line num="63" count="4" type="stmt"/>
      <line num="64" count="4" type="stmt"/>
      <line num="65" count="4" type="cond" truecount="1" falsecount="1"/>
      <line num="66" count="4" type="stmt"/>
      <line num="67" count="4" type="stmt"/>
      <line num="69" count="4" type="cond" truecount="3" falsecount="1"/>
      <line num="70" count="4" type="stmt"/>
      <line num="73" count="2" type="cond" truecount="2" falsecount="2"/>
      <line num="74" count="0" type="stmt"/>
      <line num="77" count="2" type="cond" truecount="2" falsecount="2"/>
      <line num="78" count="0" type="stmt"/>
      <line num="81" count="2" type="stmt"/>
      <line num="86" count="4" type="stmt"/>
      <line num="87" count="4" type="stmt"/>
      <line num="88" count="12" type="cond" truecount="1" falsecount="1"/>
      <line num="89" count="12" type="stmt"/>
      <line num="90" count="12" type="stmt"/>
      <line num="96" count="11" type="cond" truecount="3" falsecount="1"/>
      <line num="97" count="0" type="stmt"/>
      <line num="100" count="11" type="cond" truecount="4" falsecount="0"/>
      <line num="101" count="1" type="stmt"/>
      <line num="104" count="10" type="cond" truecount="4" falsecount="0"/>
      <line num="105" count="1" type="stmt"/>
      <line num="108" count="3" type="stmt"/>
      <line num="113" count="4" type="cond" truecount="2" falsecount="0"/>
      <line num="114" count="3" type="stmt"/>
      <line num="120" count="1" type="stmt"/>
    </file>
  </project>
</coverage>
