{"/Users/ahmed/spantree/nexus-validate-plugin/src/index.ts": {"path":"/Users/ahmed/spantree/nexus-validate-plugin/src/index.ts","statementMap":{"0":{"start":{"line":1,"column":0},"end":{"line":1,"column":30}},"1":{"start":{"line":2,"column":0},"end":{"line":2,"column":75}},"2":{"start":{"line":5,"column":0},"end":{"line":5,"column":26}},"3":{"start":{"line":6,"column":0},"end":{"line":6,"column":46}},"4":{"start":{"line":8,"column":31},"end":{"line":11,"column":2}},"5":{"start":{"line":13,"column":25},"end":{"line":21,"column":2}},"6":{"start":{"line":33,"column":27},"end":{"line":36,"column":2}},"7":{"start":{"line":38,"column":21},"end":{"line":46,"column":2}},"8":{"start":{"line":54,"column":13},"end":{"line":123,"column":null}},"9":{"start":{"line":59,"column":4},"end":{"line":121,"column":null}},"10":{"start":{"line":60,"column":58},"end":{"line":60,"column":60}},"11":{"start":{"line":63,"column":23},"end":{"line":63,"column":74}},"12":{"start":{"line":64,"column":19},"end":{"line":64,"column":66}},"13":{"start":{"line":65,"column":6},"end":{"line":83,"column":null}},"14":{"start":{"line":66,"column":8},"end":{"line":82,"column":null}},"15":{"start":{"line":67,"column":25},"end":{"line":67,"column":56}},"16":{"start":{"line":69,"column":10},"end":{"line":71,"column":null}},"17":{"start":{"line":70,"column":12},"end":{"line":70,"column":null}},"18":{"start":{"line":73,"column":10},"end":{"line":75,"column":null}},"19":{"start":{"line":74,"column":12},"end":{"line":74,"column":null}},"20":{"start":{"line":77,"column":10},"end":{"line":79,"column":null}},"21":{"start":{"line":78,"column":12},"end":{"line":78,"column":null}},"22":{"start":{"line":81,"column":10},"end":{"line":81,"column":null}},"23":{"start":{"line":86,"column":25},"end":{"line":86,"column":72}},"24":{"start":{"line":87,"column":6},"end":{"line":111,"column":null}},"25":{"start":{"line":88,"column":8},"end":{"line":110,"column":null}},"26":{"start":{"line":89,"column":10},"end":{"line":109,"column":null}},"27":{"start":{"line":90,"column":27},"end":{"line":94,"column":14}},"28":{"start":{"line":96,"column":12},"end":{"line":98,"column":null}},"29":{"start":{"line":97,"column":14},"end":{"line":97,"column":null}},"30":{"start":{"line":100,"column":12},"end":{"line":102,"column":null}},"31":{"start":{"line":101,"column":14},"end":{"line":101,"column":null}},"32":{"start":{"line":104,"column":12},"end":{"line":106,"column":null}},"33":{"start":{"line":105,"column":14},"end":{"line":105,"column":null}},"34":{"start":{"line":108,"column":12},"end":{"line":108,"column":null}},"35":{"start":{"line":113,"column":6},"end":{"line":118,"column":null}},"36":{"start":{"line":114,"column":8},"end":{"line":117,"column":null}},"37":{"start":{"line":120,"column":6},"end":{"line":120,"column":null}}},"fnMap":{"0":{"name":"(anonymous_0)","decl":{"start":{"line":58,"column":2},"end":{"line":58,"column":23}},"loc":{"start":{"line":58,"column":30},"end":{"line":122,"column":3}}},"1":{"name":"(anonymous_1)","decl":{"start":{"line":59,"column":11},"end":{"line":59,"column":16}},"loc":{"start":{"line":59,"column":49},"end":{"line":121,"column":5}}},"2":{"name":"(anonymous_2)","decl":{"start":{"line":87,"column":38},"end":{"line":87,"column":39}},"loc":{"start":{"line":87,"column":46},"end":{"line":111,"column":7}}}},"branchMap":{"0":{"loc":{"start":{"line":65,"column":6},"end":{"line":83,"column":null}},"type":"if","locations":[{"start":{"line":65,"column":6},"end":{"line":83,"column":null}},{"start":{"line":65,"column":6},"end":{"line":83,"column":null}}]},"1":{"loc":{"start":{"line":69,"column":10},"end":{"line":71,"column":null}},"type":"if","locations":[{"start":{"line":69,"column":10},"end":{"line":71,"column":null}},{"start":{"line":69,"column":10},"end":{"line":71,"column":null}}]},"2":{"loc":{"start":{"line":69,"column":14},"end":{"line":69,"column":20}},"type":"binary-expr","locations":[{"start":{"line":69,"column":14},"end":{"line":69,"column":20}},{"start":{"line":69,"column":24},"end":{"line":69,"column":43}}]},"3":{"loc":{"start":{"line":73,"column":10},"end":{"line":75,"column":null}},"type":"if","locations":[{"start":{"line":73,"column":10},"end":{"line":75,"column":null}},{"start":{"line":73,"column":10},"end":{"line":75,"column":null}}]},"4":{"loc":{"start":{"line":73,"column":14},"end":{"line":73,"column":41}},"type":"binary-expr","locations":[{"start":{"line":73,"column":14},"end":{"line":73,"column":41}},{"start":{"line":73,"column":45},"end":{"line":73,"column":52}}]},"5":{"loc":{"start":{"line":77,"column":10},"end":{"line":79,"column":null}},"type":"if","locations":[{"start":{"line":77,"column":10},"end":{"line":79,"column":null}},{"start":{"line":77,"column":10},"end":{"line":79,"column":null}}]},"6":{"loc":{"start":{"line":77,"column":14},"end":{"line":77,"column":40}},"type":"binary-expr","locations":[{"start":{"line":77,"column":14},"end":{"line":77,"column":40}},{"start":{"line":77,"column":44},"end":{"line":77,"column":57}}]},"7":{"loc":{"start":{"line":88,"column":8},"end":{"line":110,"column":null}},"type":"if","locations":[{"start":{"line":88,"column":8},"end":{"line":110,"column":null}},{"start":{"line":88,"column":8},"end":{"line":110,"column":null}}]},"8":{"loc":{"start":{"line":96,"column":12},"end":{"line":98,"column":null}},"type":"if","locations":[{"start":{"line":96,"column":12},"end":{"line":98,"column":null}},{"start":{"line":96,"column":12},"end":{"line":98,"column":null}}]},"9":{"loc":{"start":{"line":96,"column":16},"end":{"line":96,"column":22}},"type":"binary-expr","locations":[{"start":{"line":96,"column":16},"end":{"line":96,"column":22}},{"start":{"line":96,"column":26},"end":{"line":96,"column":45}}]},"10":{"loc":{"start":{"line":100,"column":12},"end":{"line":102,"column":null}},"type":"if","locations":[{"start":{"line":100,"column":12},"end":{"line":102,"column":null}},{"start":{"line":100,"column":12},"end":{"line":102,"column":null}}]},"11":{"loc":{"start":{"line":100,"column":16},"end":{"line":100,"column":43}},"type":"binary-expr","locations":[{"start":{"line":100,"column":16},"end":{"line":100,"column":43}},{"start":{"line":100,"column":47},"end":{"line":100,"column":54}}]},"12":{"loc":{"start":{"line":104,"column":12},"end":{"line":106,"column":null}},"type":"if","locations":[{"start":{"line":104,"column":12},"end":{"line":106,"column":null}},{"start":{"line":104,"column":12},"end":{"line":106,"column":null}}]},"13":{"loc":{"start":{"line":104,"column":16},"end":{"line":104,"column":42}},"type":"binary-expr","locations":[{"start":{"line":104,"column":16},"end":{"line":104,"column":42}},{"start":{"line":104,"column":46},"end":{"line":104,"column":59}}]},"14":{"loc":{"start":{"line":113,"column":6},"end":{"line":118,"column":null}},"type":"if","locations":[{"start":{"line":113,"column":6},"end":{"line":118,"column":null}},{"start":{"line":113,"column":6},"end":{"line":118,"column":null}}]}},"s":{"0":1,"1":1,"2":1,"3":1,"4":1,"5":1,"6":1,"7":1,"8":1,"9":6,"10":4,"11":4,"12":4,"13":4,"14":4,"15":4,"16":4,"17":4,"18":2,"19":0,"20":2,"21":0,"22":2,"23":4,"24":4,"25":12,"26":12,"27":12,"28":11,"29":0,"30":11,"31":1,"32":10,"33":1,"34":3,"35":4,"36":3,"37":1},"f":{"0":6,"1":4,"2":12},"b":{"0":[4,0],"1":[4,0],"2":[4,4],"3":[0,2],"4":[2,0],"5":[0,2],"6":[2,0],"7":[12,0],"8":[0,11],"9":[11,7],"10":[1,10],"11":[11,4],"12":[1,9],"13":[10,1],"14":[3,1]}}
}
