TN:
SF:src/index.ts
FN:58,(anonymous_0)
FN:59,(anonymous_1)
FN:87,(anonymous_2)
FNF:3
FNH:3
FNDA:6,(anonymous_0)
FNDA:4,(anonymous_1)
FNDA:12,(anonymous_2)
DA:1,1
DA:2,1
DA:5,1
DA:6,1
DA:8,1
DA:13,1
DA:33,1
DA:38,1
DA:54,1
DA:59,6
DA:60,4
DA:63,4
DA:64,4
DA:65,4
DA:66,4
DA:67,4
DA:69,4
DA:70,4
DA:73,2
DA:74,0
DA:77,2
DA:78,0
DA:81,2
DA:86,4
DA:87,4
DA:88,12
DA:89,12
DA:90,12
DA:96,11
DA:97,0
DA:100,11
DA:101,1
DA:104,10
DA:105,1
DA:108,3
DA:113,4
DA:114,3
DA:120,1
LF:38
LH:35
BRDA:65,0,0,4
BRDA:65,0,1,0
BRDA:69,1,0,4
BRDA:69,1,1,0
BRDA:69,2,0,4
BRDA:69,2,1,4
BRDA:73,3,0,0
BRDA:73,3,1,2
BRDA:73,4,0,2
BRDA:73,4,1,0
BRDA:77,5,0,0
BRDA:77,5,1,2
BRDA:77,6,0,2
BRDA:77,6,1,0
BRDA:88,7,0,12
BRDA:88,7,1,0
BRDA:96,8,0,0
BRDA:96,8,1,11
BRDA:96,9,0,11
BRDA:96,9,1,7
BRDA:100,10,0,1
BRDA:100,10,1,10
BRDA:100,11,0,11
BRDA:100,11,1,4
BRDA:104,12,0,1
BRDA:104,12,1,9
BRDA:104,13,0,10
BRDA:104,13,1,1
BRDA:113,14,0,3
BRDA:113,14,1,1
BRF:30
BRH:22
end_of_record
